[2023-12-21 13:01:47,470]) 21 root - INFO - Dataingestion started
[2023-12-21 13:01:47,473]) 25 root - INFO - i have read dataset as data
[2023-12-21 13:01:47,477]) 29 root - INFO - i have saved the data as raw_data.csv in artifacts folder
[2023-12-21 13:01:47,477]) 32 root - INFO - i have performed train_test_split
[2023-12-21 13:01:47,483]) 37 root - INFO - i have saved trainand test data in artifact as train_data and test_data
[2023-12-21 13:01:47,483]) 38 root - INFO - Dataingestion part completed
[2023-12-21 13:01:47,505]) 77 root - INFO - read tran and test data completed 
[2023-12-21 13:01:47,508]) 78 root - INFO - Train Dataframe Head : 
     price  area  bedrooms  bathrooms  stories mainroad guestroom basement hotwaterheating airconditioning  parking prefarea furnishingstatus
0  5215000  3180         3          2        2      yes        no       no              no              no        2       no   semi-furnished
1  3115000  3000         3          1        1       no        no       no              no             yes        0       no      unfurnished
2  6755000  6000         4          2        4      yes        no       no              no             yes        0       no      unfurnished
3  3640000  4130         3          2        2      yes        no       no              no              no        2       no   semi-furnished
4  7350000  5150         3          2        4      yes        no       no              no             yes        2       no   semi-furnished
[2023-12-21 13:01:47,510]) 79 root - INFO - Test Dataframe Head : 
     price   area  bedrooms  bathrooms  stories mainroad guestroom basement hotwaterheating airconditioning  parking prefarea furnishingstatus
0  7455000   4300         3          2        2      yes        no      yes              no              no        1       no      unfurnished
1  6790000  12090         4          2        2      yes        no       no              no              no        2      yes        furnished
2  2940000   3660         4          1        2       no        no       no              no              no        0       no      unfurnished
3  6860000   6000         3          1        1      yes        no       no              no             yes        1       no        furnished
4  2520000   2880         3          1        1       no        no       no              no              no        0       no      unfurnished
[2023-12-21 13:01:47,510]) 28 root - INFO - data transformation started
[2023-12-21 13:01:47,510]) 41 root - INFO - Pipeline initiated
[2023-12-21 13:01:47,511]) 90 root - INFO - shape of input_feature_train_df :(381, 12)
[2023-12-21 13:01:47,511]) 91 root - INFO - shape of input_feature_test_df :(164, 12)
[2023-12-21 13:01:47,521]) 97 root - INFO - applying preprocessor_obj to train and test data
[2023-12-21 13:01:47,524]) 106 root - INFO - Preprocessor.pkl file saved
[2023-12-21 13:01:47,524]) 25 root - INFO - splitting dependent and independent data from train and test data
[2023-12-21 13:01:47,539]) 38 root - INFO - Error occured in evaluate model
[2023-12-21 13:01:47,539]) 63 root - INFO - Error occured in initiate model training model trainer file
