[2023-12-21 13:07:20,911]) 21 root - INFO - Dataingestion started
[2023-12-21 13:07:20,915]) 25 root - INFO - i have read dataset as data
[2023-12-21 13:07:20,919]) 29 root - INFO - i have saved the data as raw_data.csv in artifacts folder
[2023-12-21 13:07:20,920]) 32 root - INFO - i have performed train_test_split
[2023-12-21 13:07:20,927]) 37 root - INFO - i have saved trainand test data in artifact as train_data and test_data
[2023-12-21 13:07:20,927]) 38 root - INFO - Dataingestion part completed
[2023-12-21 13:07:20,954]) 77 root - INFO - read tran and test data completed 
[2023-12-21 13:07:20,957]) 78 root - INFO - Train Dataframe Head : 
     price  area  bedrooms  bathrooms  stories mainroad guestroom basement hotwaterheating airconditioning  parking prefarea furnishingstatus
0  3640000  3000         2          1        2      yes        no       no              no             yes        0       no        furnished
1  7875000  6550         3          1        2      yes        no      yes              no             yes        0      yes        furnished
2  4200000  5040         3          1        2      yes        no      yes              no             yes        0       no      unfurnished
3  6125000  6420         3          1        3      yes        no      yes              no              no        0      yes      unfurnished
4  5600000  4700         4          1        2      yes       yes      yes              no             yes        1       no        furnished
[2023-12-21 13:07:20,962]) 79 root - INFO - Test Dataframe Head : 
     price  area  bedrooms  bathrooms  stories mainroad guestroom basement hotwaterheating airconditioning  parking prefarea furnishingstatus
0  2100000  2400         3          1        2      yes        no       no              no              no        0       no      unfurnished
1  3850000  3850         2          1        1      yes        no       no              no              no        0       no   semi-furnished
2  2660000  4000         3          1        1      yes        no       no              no              no        0       no   semi-furnished
3  5250000  3800         3          1        2      yes       yes      yes              no              no        1      yes      unfurnished
4  3990000  4500         3          2        2       no        no      yes              no             yes        0       no   semi-furnished
[2023-12-21 13:07:20,962]) 28 root - INFO - data transformation started
[2023-12-21 13:07:20,962]) 41 root - INFO - Pipeline initiated
[2023-12-21 13:07:20,964]) 90 root - INFO - shape of input_feature_train_df :(381, 12)
[2023-12-21 13:07:20,964]) 91 root - INFO - shape of input_feature_test_df :(164, 12)
[2023-12-21 13:07:20,975]) 97 root - INFO - applying preprocessor_obj to train and test data
[2023-12-21 13:07:20,976]) 106 root - INFO - Preprocessor.pkl file saved
[2023-12-21 13:07:20,976]) 25 root - INFO - splitting dependent and independent data from train and test data
[2023-12-21 13:07:20,981]) 45 root - INFO - model report : {'Elasticnet': 0.6165635160031182}
[2023-12-21 13:07:20,981]) 55 root - INFO - Best model found : model name =Elasticnet ,R2_score = 0.6165635160031182
