[2023-12-21 12:42:40,105]) 21 root - INFO - Dataingestion started
[2023-12-21 12:42:40,110]) 25 root - INFO - i have read dataset as data
[2023-12-21 12:42:40,113]) 29 root - INFO - i have saved the data as raw_data.csv in artifacts folder
[2023-12-21 12:42:40,114]) 32 root - INFO - i have performed train_test_split
[2023-12-21 12:42:40,117]) 37 root - INFO - i have saved trainand test data in artifact as train_data and test_data
[2023-12-21 12:42:40,117]) 38 root - INFO - Dataingestion part completed
[2023-12-21 12:42:40,135]) 74 root - INFO - read tran and test data completed 
[2023-12-21 12:42:40,138]) 75 root - INFO - Train Dataframe Head : 
     price  area  bedrooms  bathrooms  stories mainroad guestroom basement hotwaterheating airconditioning  parking prefarea furnishingstatus
0  6930000  8880         3          2        2      yes        no      yes              no             yes        1       no        furnished
1  8120000  6840         5          1        2      yes       yes      yes              no             yes        1       no        furnished
2  5285000  4600         2          2        1      yes        no       no              no             yes        2       no   semi-furnished
3  4382000  4950         4          1        2      yes        no       no              no             yes        0       no   semi-furnished
4  3430000  2610         3          1        2      yes        no      yes              no              no        0      yes      unfurnished
[2023-12-21 12:42:40,140]) 76 root - INFO - Test Dataframe Head : 
     price  area  bedrooms  bathrooms  stories mainroad guestroom basement hotwaterheating airconditioning  parking prefarea furnishingstatus
0  2380000  3264         2          1        1      yes        no       no              no              no        0       no      unfurnished
1  2653000  3185         2          1        1      yes        no       no              no             yes        0       no      unfurnished
2  4753000  6440         2          1        1      yes        no       no              no             yes        3       no   semi-furnished
3  2450000  3210         3          1        2      yes        no      yes              no              no        0       no      unfurnished
4  8645000  4560         3          2        2      yes       yes      yes              no             yes        1       no        furnished
[2023-12-21 12:42:40,140]) 28 root - INFO - data transformation started
[2023-12-21 12:42:40,140]) 41 root - INFO - Pipeline initiated
[2023-12-21 12:42:40,146]) 110 root - INFO - Error occured in initialize dta transformation
