[2023-12-21 13:01:12,831]) 21 root - INFO - Dataingestion started
[2023-12-21 13:01:12,842]) 25 root - INFO - i have read dataset as data
[2023-12-21 13:01:12,848]) 29 root - INFO - i have saved the data as raw_data.csv in artifacts folder
[2023-12-21 13:01:12,854]) 32 root - INFO - i have performed train_test_split
[2023-12-21 13:01:12,859]) 37 root - INFO - i have saved trainand test data in artifact as train_data and test_data
[2023-12-21 13:01:12,859]) 38 root - INFO - Dataingestion part completed
[2023-12-21 13:01:12,881]) 77 root - INFO - read tran and test data completed 
[2023-12-21 13:01:12,885]) 78 root - INFO - Train Dataframe Head : 
     price   area  bedrooms  bathrooms  stories mainroad guestroom basement hotwaterheating airconditioning  parking prefarea furnishingstatus
0  6930000  13200         2          1        1      yes        no      yes             yes              no        1       no        furnished
1  2450000   3500         2          1        1      yes       yes       no              no              no        0       no      unfurnished
2  2660000   4000         3          1        1      yes        no       no              no              no        0       no   semi-furnished
3  5460000   6100         3          1        3      yes       yes       no              no             yes        0      yes   semi-furnished
4  3423000   4040         2          1        1      yes        no       no              no              no        0       no      unfurnished
[2023-12-21 13:01:12,889]) 79 root - INFO - Test Dataframe Head : 
     price   area  bedrooms  bathrooms  stories mainroad guestroom basement hotwaterheating airconditioning  parking prefarea furnishingstatus
0  4200000   5800         3          1        1      yes        no       no             yes              no        2       no   semi-furnished
1  4900000  12900         3          1        1      yes        no       no              no              no        2       no        furnished
2  4907000   4200         3          1        2      yes        no       no              no              no        1       no        furnished
3  6895000   7700         3          2        1      yes        no       no              no              no        2       no      unfurnished
4  6405000   4800         3          2        4      yes       yes       no              no             yes        0       no        furnished
[2023-12-21 13:01:12,889]) 28 root - INFO - data transformation started
[2023-12-21 13:01:12,889]) 41 root - INFO - Pipeline initiated
[2023-12-21 13:01:12,890]) 90 root - INFO - shape of input_feature_train_df :(381, 12)
[2023-12-21 13:01:12,890]) 91 root - INFO - shape of input_feature_test_df :(164, 12)
[2023-12-21 13:01:12,904]) 97 root - INFO - applying preprocessor_obj to train and test data
[2023-12-21 13:01:12,904]) 115 root - INFO - Error occured in initialize dta transformation
