[2023-12-21 17:34:35,601]) 21 root - INFO - Dataingestion started
[2023-12-21 17:34:35,624]) 25 root - INFO - i have read dataset as data
[2023-12-21 17:34:35,628]) 29 root - INFO - i have saved the data as raw_data.csv in artifacts folder
[2023-12-21 17:34:35,631]) 32 root - INFO - i have performed train_test_split
[2023-12-21 17:34:35,635]) 37 root - INFO - i have saved trainand test data in artifact as train_data and test_data
[2023-12-21 17:34:35,635]) 38 root - INFO - Dataingestion part completed
[2023-12-21 17:34:35,653]) 77 root - INFO - read tran and test data completed 
[2023-12-21 17:34:35,657]) 78 root - INFO - Train Dataframe Head : 
     price   area  bedrooms  bathrooms  stories mainroad guestroom basement hotwaterheating airconditioning  parking prefarea furnishingstatus
0  2450000   3210         3          1        2      yes        no      yes              no              no        0       no      unfurnished
1  6440000   8580         5          3        2      yes        no       no              no              no        2       no        furnished
2  3395000   3450         3          1        1      yes        no      yes              no              no        2       no      unfurnished
3  5600000  10500         4          2        2      yes        no       no              no              no        1       no   semi-furnished
4  8295000   4880         4          2        2      yes        no       no              no             yes        1      yes        furnished
[2023-12-21 17:34:35,660]) 79 root - INFO - Test Dataframe Head : 
     price  area  bedrooms  bathrooms  stories mainroad guestroom basement hotwaterheating airconditioning  parking prefarea furnishingstatus
0  8400000  8875         3          1        1      yes        no       no              no              no        1       no   semi-furnished
1  3500000  3036         3          1        2      yes        no      yes              no              no        0       no   semi-furnished
2  5110000  3000         3          2        2      yes       yes      yes              no              no        0       no        furnished
3  4473000  3162         3          1        2      yes        no       no              no             yes        1       no        furnished
4  4935000  5948         3          1        2      yes        no       no              no             yes        0       no   semi-furnished
[2023-12-21 17:34:35,660]) 28 root - INFO - data transformation started
[2023-12-21 17:34:35,660]) 41 root - INFO - Pipeline initiated
[2023-12-21 17:34:35,661]) 90 root - INFO - shape of input_feature_train_df :(381, 12)
[2023-12-21 17:34:35,661]) 91 root - INFO - shape of input_feature_test_df :(164, 12)
[2023-12-21 17:34:35,671]) 97 root - INFO - applying preprocessor_obj to train and test data
[2023-12-21 17:34:35,673]) 106 root - INFO - Preprocessor.pkl file saved
[2023-12-21 17:34:35,673]) 25 root - INFO - splitting dependent and independent data from train and test data
[2023-12-21 17:34:35,685]) 45 root - INFO - model report : {'Elasticnet': 0.6339883676135691}
[2023-12-21 17:34:35,685]) 55 root - INFO - Best model found : model name =Elasticnet ,R2_score = 0.6339883676135691
